<?xml version="1.0" encoding="UTF-8"?>
<!-- Generated by org.testng.reporters.JUnitReportReporter -->
<testsuite hostname="NDAMKONDWAR2L1" failures="0" tests="1" name="com.droom.testcases.droom_test_001" time="21.329" errors="0" timestamp="2023-06-17T23:18:36 IST" skipped="0">
  <testcase classname="com.droom.testcases.droom_test_001" name="registerUserOnDroomApp" time="21.329"/>
</testsuite> <!-- com.droom.testcases.droom_test_001 -->
